  prac01.cpp
D:\강의자료\2022년도[제주대]\1학기\[2]학부3-컴퓨터그래픽스[조교-허지식]\3주차[20220323]\Prac01_New_04Prac_Graphics Proramming2D_학생용\Project1\prac01\prac01\prac01.cpp(144,26): error C2059: 구문 오류: '?'
D:\강의자료\2022년도[제주대]\1학기\[2]학부3-컴퓨터그래픽스[조교-허지식]\3주차[20220323]\Prac01_New_04Prac_Graphics Proramming2D_학생용\Project1\prac01\prac01\prac01.cpp(145,14): error C2059: 구문 오류: '?'
D:\강의자료\2022년도[제주대]\1학기\[2]학부3-컴퓨터그래픽스[조교-허지식]\3주차[20220323]\Prac01_New_04Prac_Graphics Proramming2D_학생용\Project1\prac01\prac01\prac01.cpp(145,43): error C2143: 구문 오류: ';'이(가) '{' 앞에 없습니다.
D:\강의자료\2022년도[제주대]\1학기\[2]학부3-컴퓨터그래픽스[조교-허지식]\3주차[20220323]\Prac01_New_04Prac_Graphics Proramming2D_학생용\Project1\prac01\prac01\prac01.cpp(233,61): error C2059: 구문 오류: '?'
D:\강의자료\2022년도[제주대]\1학기\[2]학부3-컴퓨터그래픽스[조교-허지식]\3주차[20220323]\Prac01_New_04Prac_Graphics Proramming2D_학생용\Project1\prac01\prac01\prac01.cpp(235,22): error C2059: 구문 오류: '?'
D:\강의자료\2022년도[제주대]\1학기\[2]학부3-컴퓨터그래픽스[조교-허지식]\3주차[20220323]\Prac01_New_04Prac_Graphics Proramming2D_학생용\Project1\prac01\prac01\prac01.cpp(236,22): error C2059: 구문 오류: '?'
D:\강의자료\2022년도[제주대]\1학기\[2]학부3-컴퓨터그래픽스[조교-허지식]\3주차[20220323]\Prac01_New_04Prac_Graphics Proramming2D_학생용\Project1\prac01\prac01\prac01.cpp(237,22): error C2059: 구문 오류: '?'
D:\강의자료\2022년도[제주대]\1학기\[2]학부3-컴퓨터그래픽스[조교-허지식]\3주차[20220323]\Prac01_New_04Prac_Graphics Proramming2D_학생용\Project1\prac01\prac01\prac01.cpp(259,6): error C2059: 구문 오류: '?'
D:\강의자료\2022년도[제주대]\1학기\[2]학부3-컴퓨터그래픽스[조교-허지식]\3주차[20220323]\Prac01_New_04Prac_Graphics Proramming2D_학생용\Project1\prac01\prac01\prac01.cpp(274,14): error C2143: 구문 오류: ')'이(가) '?' 앞에 없습니다.
D:\강의자료\2022년도[제주대]\1학기\[2]학부3-컴퓨터그래픽스[조교-허지식]\3주차[20220323]\Prac01_New_04Prac_Graphics Proramming2D_학생용\Project1\prac01\prac01\prac01.cpp(274,14): error C2660: 'glEnable': 함수는 0개의 인수를 사용하지 않습니다.
C:\Program Files (x86)\Windows Kits\10\Include\10.0.19041.0\um\gl\gl.h(1229,25): message : 'glEnable' 선언을 참조하십시오.
D:\강의자료\2022년도[제주대]\1학기\[2]학부3-컴퓨터그래픽스[조교-허지식]\3주차[20220323]\Prac01_New_04Prac_Graphics Proramming2D_학생용\Project1\prac01\prac01\prac01.cpp(274,15): error C2059: 구문 오류: '?'
D:\강의자료\2022년도[제주대]\1학기\[2]학부3-컴퓨터그래픽스[조교-허지식]\3주차[20220323]\Prac01_New_04Prac_Graphics Proramming2D_학생용\Project1\prac01\prac01\prac01.cpp(274,28): error C2059: 구문 오류: ')'
D:\강의자료\2022년도[제주대]\1학기\[2]학부3-컴퓨터그래픽스[조교-허지식]\3주차[20220323]\Prac01_New_04Prac_Graphics Proramming2D_학생용\Project1\prac01\prac01\prac01.cpp(276,18): error C2143: 구문 오류: ')'이(가) '?' 앞에 없습니다.
D:\강의자료\2022년도[제주대]\1학기\[2]학부3-컴퓨터그래픽스[조교-허지식]\3주차[20220323]\Prac01_New_04Prac_Graphics Proramming2D_학생용\Project1\prac01\prac01\prac01.cpp(276,18): error C2660: 'glClearColor': 함수는 0개의 인수를 사용하지 않습니다.
C:\Program Files (x86)\Windows Kits\10\Include\10.0.19041.0\um\gl\gl.h(1169,25): message : 'glClearColor' 선언을 참조하십시오.
D:\강의자료\2022년도[제주대]\1학기\[2]학부3-컴퓨터그래픽스[조교-허지식]\3주차[20220323]\Prac01_New_04Prac_Graphics Proramming2D_학생용\Project1\prac01\prac01\prac01.cpp(276,19): error C2059: 구문 오류: '?'
D:\강의자료\2022년도[제주대]\1학기\[2]학부3-컴퓨터그래픽스[조교-허지식]\3주차[20220323]\Prac01_New_04Prac_Graphics Proramming2D_학생용\Project1\prac01\prac01\prac01.cpp(276,34): error C2059: 구문 오류: ')'
D:\강의자료\2022년도[제주대]\1학기\[2]학부3-컴퓨터그래픽스[조교-허지식]\3주차[20220323]\Prac01_New_04Prac_Graphics Proramming2D_학생용\Project1\prac01\prac01\prac01.cpp(277,35): error C2059: 구문 오류: '?'
D:\강의자료\2022년도[제주대]\1학기\[2]학부3-컴퓨터그래픽스[조교-허지식]\3주차[20220323]\Prac01_New_04Prac_Graphics Proramming2D_학생용\Project1\prac01\prac01\prac01.cpp(282,17): error C2143: 구문 오류: ')'이(가) '?' 앞에 없습니다.
D:\강의자료\2022년도[제주대]\1학기\[2]학부3-컴퓨터그래픽스[조교-허지식]\3주차[20220323]\Prac01_New_04Prac_Graphics Proramming2D_학생용\Project1\prac01\prac01\prac01.cpp(282,17): error C2660: 'SwapBuffers': 함수는 0개의 인수를 사용하지 않습니다.
C:\Program Files (x86)\Windows Kits\10\Include\10.0.19041.0\um\wingdi.h(6222,24): message : 'SwapBuffers' 선언을 참조하십시오.
D:\강의자료\2022년도[제주대]\1학기\[2]학부3-컴퓨터그래픽스[조교-허지식]\3주차[20220323]\Prac01_New_04Prac_Graphics Proramming2D_학생용\Project1\prac01\prac01\prac01.cpp(282,18): error C2059: 구문 오류: '?'
D:\강의자료\2022년도[제주대]\1학기\[2]학부3-컴퓨터그래픽스[조교-허지식]\3주차[20220323]\Prac01_New_04Prac_Graphics Proramming2D_학생용\Project1\prac01\prac01\prac01.cpp(282,32): error C2059: 구문 오류: ')'
