<<<<<<< HEAD
﻿  prac01.cpp
C:\comGL\prac01\prac01.cpp(212,30): warning C4244: '인수': 'double'에서 'const float'(으)로 변환하면서 데이터가 손실될 수 있습니다.
C:\comGL\prac01\prac01.cpp(213,30): warning C4244: '인수': 'double'에서 'const float'(으)로 변환하면서 데이터가 손실될 수 있습니다.
C:\comGL\prac01\prac01.cpp(219,30): warning C4244: '인수': 'double'에서 'const float'(으)로 변환하면서 데이터가 손실될 수 있습니다.
C:\comGL\prac01\prac01.cpp(220,30): warning C4244: '인수': 'double'에서 'const float'(으)로 변환하면서 데이터가 손실될 수 있습니다.
C:\comGL\prac01\prac01.cpp(225,30): warning C4244: '인수': 'double'에서 'const float'(으)로 변환하면서 데이터가 손실될 수 있습니다.
C:\comGL\prac01\prac01.cpp(226,30): warning C4244: '인수': 'double'에서 'const float'(으)로 변환하면서 데이터가 손실될 수 있습니다.
  prac01.vcxproj -> C:\comGL\x64\Debug\prac01.exe
=======
﻿prac01.obj : error LNK2019: __imp_wglCreateContext"__int64 __cdecl WndProc(struct HWND__ *,unsigned int,unsigned __int64,__int64)" (?WndProc@@YA_JPEAUHWND__@@I_K_J@Z) 함수에서 참조되는 확인할 수 없는 외부 기호
prac01.obj : error LNK2019: __imp_wglDeleteContext"__int64 __cdecl WndProc(struct HWND__ *,unsigned int,unsigned __int64,__int64)" (?WndProc@@YA_JPEAUHWND__@@I_K_J@Z) 함수에서 참조되는 확인할 수 없는 외부 기호
prac01.obj : error LNK2019: __imp_wglMakeCurrent"__int64 __cdecl WndProc(struct HWND__ *,unsigned int,unsigned __int64,__int64)" (?WndProc@@YA_JPEAUHWND__@@I_K_J@Z) 함수에서 참조되는 확인할 수 없는 외부 기호
prac01.obj : error LNK2019: __imp_glClear"void __cdecl DrawScene(struct HDC__ *)" (?DrawScene@@YAXPEAUHDC__@@@Z) 함수에서 참조되는 확인할 수 없는 외부 기호
prac01.obj : error LNK2019: __imp_glClearColor"void __cdecl DrawScene(struct HDC__ *)" (?DrawScene@@YAXPEAUHDC__@@@Z) 함수에서 참조되는 확인할 수 없는 외부 기호
prac01.obj : error LNK2019: __imp_glEnable"void __cdecl DrawScene(struct HDC__ *)" (?DrawScene@@YAXPEAUHDC__@@@Z) 함수에서 참조되는 확인할 수 없는 외부 기호
prac01.obj : error LNK2019: __imp_glLoadIdentity"void __cdecl DrawScene(struct HDC__ *)" (?DrawScene@@YAXPEAUHDC__@@@Z) 함수에서 참조되는 확인할 수 없는 외부 기호
prac01.obj : error LNK2019: __imp_glMatrixMode"void __cdecl DrawScene(struct HDC__ *)" (?DrawScene@@YAXPEAUHDC__@@@Z) 함수에서 참조되는 확인할 수 없는 외부 기호
prac01.obj : error LNK2019: __imp_glViewport"void __cdecl Resize(int,int)" (?Resize@@YAXHH@Z) 함수에서 참조되는 확인할 수 없는 외부 기호
prac01.obj : error LNK2019: gluOrtho2D"void __cdecl Resize(int,int)" (?Resize@@YAXHH@Z) 함수에서 참조되는 확인할 수 없는 외부 기호
C:\comGL\x64\Debug\prac01.exe : fatal error LNK1120: 10개의 확인할 수 없는 외부 참조입니다.
>>>>>>> 12987a7d238f653cedb079d25f7d4605b3e7a61b
